<?xml version="1.0" encoding="UTF-8"?>
<!-- Generated by org.testng.reporters.JUnitReportReporter -->
<testsuite hostname="LAPTOP-INCQFG99" failures="0" tests="1" name="practice_maven.TestData" time="0.008" errors="0" timestamp="2023-01-19T16:07:12 IST" skipped="0">
  <testcase classname="practice_maven.TestData" name="readdata" time="0.008"/>
  <system-out/>
</testsuite> <!-- practice_maven.TestData -->
